Removed Pin From Net: NetName=GND Pin=D1-1
Removed Pin From Net: NetName=1V8 Pin=D1-2
Removed Pin From Net: NetName=3V3 Pin=Designator5-1
Removed Pin From Net: NetName=SDA Pin=Designator5-2
Removed Pin From Net: NetName=SCL Pin=Designator5-3
Removed Pin From Net: NetName=GND Pin=Designator5-4
Removed Pin From Net: NetName=SCL Pin=DS-1
Removed Pin From Net: NetName=GND Pin=DS-2
Removed Pin From Net: NetName=SCL Pin=R1-1
Removed Pin From Net: NetName=1V8 Pin=R1-2
Removed Pin From Net: NetName=GND Pin=U2-P$7
Change Component Footprint: Designator=R1 Old Footprint=RESC1609X55X30LL15T15 New Footprint=RESC2013X70X40NL20T20
Change Component Footprint: Designator=R2 Old Footprint=RESC1609X55X30LL15T15 New Footprint=RESC2013X70X40NL20T20
Change Component Comment : Designator=R1 Old Comment=ERJ3EKF1002V New Comment=ERJ-6ENF4701V
Change Component Comment : Designator=R2 Old Comment=ERJ3EKF1002V New Comment=ERJ-6ENF4701V
Added Component: Designator=DS1(VISH-TLMS1000_V)
Add component (AddParameter): Name = "Automotive Qualification Standard"; Value = "AEC-Q100"; VariantName = "[No Variations]"
Add component (AddParameter): Name = "Bulb Size"; Value = "1.6mmx0.8mm"; VariantName = "[No Variations]"
Add component (AddParameter): Name = "Datasheet URL"; Value = "https://datasheet.ciiva.com/5798/1698881-5798337.pdf"; VariantName = "[No Variations]"
Add component (AddParameter): Name = "Datasheet Version"; Value = "Rev. 1.7, 02/2011"; VariantName = "[No Variations]"
Add component (AddParameter): Name = "Forward Current If"; Value = "2mA"; VariantName = "[No Variations]"
Add component (AddParameter): Name = "Forward Voltage"; Value = "1.8V"; VariantName = "[No Variations]"
Add component (AddParameter): Name = "LED Colour"; Value = "Red"; VariantName = "[No Variations]"
Add component (AddParameter): Name = "LED Mounting"; Value = "SMD"; VariantName = "[No Variations]"
Add component (AddParameter): Name = "Lens Shape"; Value = "Rectangular"; VariantName = "[No Variations]"
Add component (AddParameter): Name = "Luminous Intensity"; Value = "4mcd"; VariantName = "[No Variations]"
Add component (AddParameter): Name = "Manufacturer"; Value = "Vishay"; VariantName = "[No Variations]"
Add component (AddParameter): Name = "Manufacturer URL"; Value = "http://www.vishay.com/"; VariantName = "[No Variations]"
Add component (AddParameter): Name = "Mounting Technology"; Value = "SurfaceMount"; VariantName = "[No Variations]"
Add component (AddParameter): Name = "MSL"; Value = "MSL2-1year"; VariantName = "[No Variations]"
Add component (AddParameter): Name = "Package Description"; Value = "2-Pin Surface Mount Device, Body 1.6 x 0.8 mm"; VariantName = "[No Variations]"
Add component (AddParameter): Name = "Package Reference"; Value = "TLMS1000"; VariantName = "[No Variations]"
Add component (AddParameter): Name = "Packaging"; Value = "CutTape"; VariantName = "[No Variations]"
Add component (AddParameter): Name = "Product Range"; Value = "-"; VariantName = "[No Variations]"
Add component (AddParameter): Name = "SVHC"; Value = "ToBeAdvised"; VariantName = "[No Variations]"
Add component (AddParameter): Name = "Viewing Angle"; Value = "80°"; VariantName = "[No Variations]"
Add component (AddParameter): Name = "Wavelength Typ"; Value = "636nm"; VariantName = "[No Variations]"
Added Component: Designator=LED1(0805_A)
Add component (AddParameter): Name = "Color"; Value = "Blue"; VariantName = "[No Variations]"
Add component (AddParameter): Name = "ComponentLink1Description"; Value = "Manufacturer URL"; VariantName = "[No Variations]"
Add component (AddParameter): Name = "ComponentLink1URL"; Value = "http://www.we-online.com"; VariantName = "[No Variations]"
Add component (AddParameter): Name = "ComponentLink2Description"; Value = "Datasheet"; VariantName = "[No Variations]"
Add component (AddParameter): Name = "ComponentLink2URL"; Value = "http://katalog.we-online.com/led/datasheet/150080BS75000.pdf"; VariantName = "[No Variations]"
Add component (AddParameter): Name = "Manufacturer"; Value = "Wuerth Elektronik"; VariantName = "[No Variations]"
Add component (AddParameter): Name = "PackageReference"; Value = "0805_A"; VariantName = "[No Variations]"
Add component (AddParameter): Name = "PartNumber"; Value = "150080BS75000"; VariantName = "[No Variations]"
Added Pin To Net: NetName=1V8 Pin=DS1-1
Added Pin To Net: NetName=GND Pin=DS1-2
Added Pin To Net: NetName=GND Pin=LED1-1
Added Pin To Net: NetName=SCL Pin=LED1-2
Added Pin To Net: NetName=1V8 Pin=R1-1
Added Pin To Net: NetName=SCL Pin=R1-2
Added Member To Class: ClassName=Air_SCH Member=Component DS1 TLMS1000-GS08
Added Member To Class: ClassName=Air_SCH Member=Component LED1 150080BS75000
